[debug] [2021-02-27T13:37:07.150Z] ----------------------------------------------------------------------
[debug] [2021-02-27T13:37:07.152Z] Command:       /usr/local/bin/node /Users/sakumadaiki/.npm_global/bin/firebase init
[debug] [2021-02-27T13:37:07.153Z] CLI Version:   9.5.0
[debug] [2021-02-27T13:37:07.153Z] Platform:      darwin
[debug] [2021-02-27T13:37:07.153Z] Node Version:  v14.4.0
[debug] [2021-02-27T13:37:07.154Z] Time:          Sat Feb 27 2021 22:37:07 GMT+0900 (日本標準時)
[debug] [2021-02-27T13:37:07.154Z] ----------------------------------------------------------------------
[debug] [2021-02-27T13:37:07.154Z] 
[debug] [2021-02-27T13:37:07.161Z] > command requires scopes: ["email","openid","https://www.googleapis.com/auth/cloudplatformprojects.readonly","https://www.googleapis.com/auth/firebase","https://www.googleapis.com/auth/cloud-platform"]
[debug] [2021-02-27T13:37:07.162Z] > authorizing via signed-in user
[info] 
     ######## #### ########  ######## ########     ###     ######  ########
     ##        ##  ##     ## ##       ##     ##  ##   ##  ##       ##
     ######    ##  ########  ######   ########  #########  ######  ######
     ##        ##  ##    ##  ##       ##     ## ##     ##       ## ##
     ##       #### ##     ## ######## ########  ##     ##  ######  ########

You're about to initialize a Firebase project in this directory:

  /Users/sakumadaiki/Downloads/スマートシティハッカソン/hack/myhack/epsonhack

Before we get started, keep in mind:

  * You are initializing in an existing Firebase project directory

[info] 
=== Project Setup
[info] 
[info] First, let's associate this project directory with a Firebase project.
[info] You can create multiple project aliases by running firebase use --add, 
[info] but for now we'll just set up a default project.
[info] 
[info] i  .firebaserc already has a default project, using daiki-photo. 
[debug] [2021-02-27T13:37:15.161Z] > refreshing access token with scopes: []
[debug] [2021-02-27T13:37:15.162Z] >>> HTTP REQUEST POST https://www.googleapis.com/oauth2/v3/token  
 <request body omitted>
[debug] [2021-02-27T13:37:15.375Z] <<< HTTP RESPONSE 200 {"pragma":"no-cache","expires":"Mon, 01 Jan 1990 00:00:00 GMT","date":"Sat, 27 Feb 2021 13:37:15 GMT","cache-control":"no-cache, no-store, max-age=0, must-revalidate","content-type":"application/json; charset=utf-8","vary":"X-Origin, Referer, Origin,Accept-Encoding","server":"scaffolding on HTTPServer2","x-xss-protection":"0","x-frame-options":"SAMEORIGIN","x-content-type-options":"nosniff","alt-svc":"h3-29=\":443\"; ma=2592000,h3-T051=\":443\"; ma=2592000,h3-Q050=\":443\"; ma=2592000,h3-Q046=\":443\"; ma=2592000,h3-Q043=\":443\"; ma=2592000,quic=\":443\"; ma=2592000; v=\"46,43\"","accept-ranges":"none","transfer-encoding":"chunked"}
[debug] [2021-02-27T13:37:15.450Z] >>> [apiv2][query] GET https://firebase.googleapis.com/v1beta1/projects/daiki-photo [none]
[debug] [2021-02-27T13:37:16.090Z] <<< [apiv2][status] GET https://firebase.googleapis.com/v1beta1/projects/daiki-photo 200
[debug] [2021-02-27T13:37:16.090Z] <<< [apiv2][body] GET https://firebase.googleapis.com/v1beta1/projects/daiki-photo {"projectId":"daiki-photo","projectNumber":"1030214100740","displayName":"daiki-photo","name":"projects/daiki-photo","resources":{"hostingSite":"daiki-photo"},"state":"ACTIVE"}
[info] 
=== Hosting Setup
[info] 
[info] Your public directory is the folder (relative to your project directory) that
[info] will contain Hosting assets to be uploaded with firebase deploy. If you
[info] have a build process for your assets, use your build's output directory.
[info] 
